<?xml version="1.0" encoding="UTF-8"?>
<testsuite xmlns:xsi="http://www.w3.org/2001/XMLSchema-instance" xsi:noNamespaceSchemaLocation="https://maven.apache.org/surefire/maven-surefire-plugin/xsd/surefire-test-report.xsd" name="com.jnshu.StudentTest" time="1.23" tests="5" errors="0" skipped="0" failures="0">
  <properties>
    <property name="sun.desktop" value="windows"/>
    <property name="awt.toolkit" value="sun.awt.windows.WToolkit"/>
    <property name="file.encoding.pkg" value="sun.io"/>
    <property name="java.specification.version" value="1.8"/>
    <property name="sun.cpu.isalist" value="amd64"/>
    <property name="sun.jnu.encoding" value="GBK"/>
    <property name="java.class.path" value="C:\Users\Jack Ren\Downloads\spring_Mybits_CRUD\target\test-classes;C:\Users\Jack Ren\Downloads\spring_Mybits_CRUD\target\classes;d:\tools\maven\repository\org\springframework\spring-test\5.1.0.RELEASE\spring-test-5.1.0.RELEASE.jar;d:\tools\maven\repository\mysql\mysql-connector-java\8.0.12\mysql-connector-java-8.0.12.jar;d:\tools\maven\repository\com\google\protobuf\protobuf-java\2.6.0\protobuf-java-2.6.0.jar;d:\tools\maven\repository\org\mybatis\mybatis\3.4.5\mybatis-3.4.5.jar;d:\tools\maven\repository\org\mybatis\mybatis-spring\1.3.0\mybatis-spring-1.3.0.jar;d:\tools\maven\repository\aopalliance\aopalliance\1.0\aopalliance-1.0.jar;d:\tools\maven\repository\asm\asm\3.3.1\asm-3.3.1.jar;d:\tools\maven\repository\cglib\cglib\3.2.8\cglib-3.2.8.jar;d:\tools\maven\repository\org\ow2\asm\asm\6.2.1\asm-6.2.1.jar;d:\tools\maven\repository\org\apache\ant\ant\1.10.3\ant-1.10.3.jar;d:\tools\maven\repository\org\apache\ant\ant-launcher\1.10.3\ant-launcher-1.10.3.jar;d:\tools\maven\repository\commons-dbcp\commons-dbcp\1.3\commons-dbcp-1.3.jar;d:\tools\maven\repository\commons-pool\commons-pool\1.5.4\commons-pool-1.5.4.jar;d:\tools\maven\repository\commons-logging\commons-logging\1.1.3\commons-logging-1.1.3.jar;d:\tools\maven\repository\javassist\javassist\3.12.1.GA\javassist-3.12.1.GA.jar;d:\tools\maven\repository\jstl\jstl\1.2\jstl-1.2.jar;d:\tools\maven\repository\junit\junit\4.12\junit-4.12.jar;d:\tools\maven\repository\org\hamcrest\hamcrest-core\1.3\hamcrest-core-1.3.jar;d:\tools\maven\repository\log4j\log4j\1.2.17\log4j-1.2.17.jar;d:\tools\maven\repository\org\slf4j\slf4j-api\1.8.0-alpha0\slf4j-api-1.8.0-alpha0.jar;d:\tools\maven\repository\org\slf4j\slf4j-log4j12\1.8.0-alpha0\slf4j-log4j12-1.8.0-alpha0.jar;d:\tools\maven\repository\org\springframework\spring-aop\5.1.0.RELEASE\spring-aop-5.1.0.RELEASE.jar;d:\tools\maven\repository\org\springframework\spring-aspects\5.1.0.RELEASE\spring-aspects-5.1.0.RELEASE.jar;d:\tools\maven\repository\org\aspectj\aspectjweaver\1.9.1\aspectjweaver-1.9.1.jar;d:\tools\maven\repository\org\springframework\spring-beans\5.1.0.RELEASE\spring-beans-5.1.0.RELEASE.jar;d:\tools\maven\repository\org\springframework\spring-context\5.1.0.RELEASE\spring-context-5.1.0.RELEASE.jar;d:\tools\maven\repository\org\springframework\spring-context-support\5.1.0.RELEASE\spring-context-support-5.1.0.RELEASE.jar;d:\tools\maven\repository\org\springframework\spring-core\5.1.0.RELEASE\spring-core-5.1.0.RELEASE.jar;d:\tools\maven\repository\org\springframework\spring-jcl\5.1.0.RELEASE\spring-jcl-5.1.0.RELEASE.jar;d:\tools\maven\repository\org\springframework\spring-expression\5.1.0.RELEASE\spring-expression-5.1.0.RELEASE.jar;d:\tools\maven\repository\org\springframework\spring-jdbc\5.1.0.RELEASE\spring-jdbc-5.1.0.RELEASE.jar;d:\tools\maven\repository\org\springframework\spring-jms\5.1.0.RELEASE\spring-jms-5.1.0.RELEASE.jar;d:\tools\maven\repository\org\springframework\spring-messaging\5.1.0.RELEASE\spring-messaging-5.1.0.RELEASE.jar;d:\tools\maven\repository\org\springframework\spring-tx\5.1.0.RELEASE\spring-tx-5.1.0.RELEASE.jar;d:\tools\maven\repository\org\springframework\spring-web\5.1.0.RELEASE\spring-web-5.1.0.RELEASE.jar;d:\tools\maven\repository\org\springframework\spring-webmvc\5.1.0.RELEASE\spring-webmvc-5.1.0.RELEASE.jar;"/>
    <property name="java.vm.vendor" value="Oracle Corporation"/>
    <property name="sun.arch.data.model" value="64"/>
    <property name="user.variant" value=""/>
    <property name="java.vendor.url" value="http://java.oracle.com/"/>
    <property name="user.timezone" value="GMT+08:00"/>
    <property name="java.vm.specification.version" value="1.8"/>
    <property name="os.name" value="Windows 10"/>
    <property name="user.country" value="CN"/>
    <property name="sun.java.launcher" value="SUN_STANDARD"/>
    <property name="sun.boot.library.path" value="D:\software\java\jdk1.8.0_201\jre\bin"/>
    <property name="sun.java.command" value="C:\Users\JACKRE~1\AppData\Local\Temp\surefire2048827045736242132\surefirebooter8363033940351292222.jar C:\Users\Jack Ren\AppData\Local\Temp\surefire2048827045736242132 2019-04-29T22-59-13_889-jvmRun1 surefire3616597520614898073tmp surefire_07413837481039331458tmp"/>
    <property name="surefire.test.class.path" value="C:\Users\Jack Ren\Downloads\spring_Mybits_CRUD\target\test-classes;C:\Users\Jack Ren\Downloads\spring_Mybits_CRUD\target\classes;d:\tools\maven\repository\org\springframework\spring-test\5.1.0.RELEASE\spring-test-5.1.0.RELEASE.jar;d:\tools\maven\repository\mysql\mysql-connector-java\8.0.12\mysql-connector-java-8.0.12.jar;d:\tools\maven\repository\com\google\protobuf\protobuf-java\2.6.0\protobuf-java-2.6.0.jar;d:\tools\maven\repository\org\mybatis\mybatis\3.4.5\mybatis-3.4.5.jar;d:\tools\maven\repository\org\mybatis\mybatis-spring\1.3.0\mybatis-spring-1.3.0.jar;d:\tools\maven\repository\aopalliance\aopalliance\1.0\aopalliance-1.0.jar;d:\tools\maven\repository\asm\asm\3.3.1\asm-3.3.1.jar;d:\tools\maven\repository\cglib\cglib\3.2.8\cglib-3.2.8.jar;d:\tools\maven\repository\org\ow2\asm\asm\6.2.1\asm-6.2.1.jar;d:\tools\maven\repository\org\apache\ant\ant\1.10.3\ant-1.10.3.jar;d:\tools\maven\repository\org\apache\ant\ant-launcher\1.10.3\ant-launcher-1.10.3.jar;d:\tools\maven\repository\commons-dbcp\commons-dbcp\1.3\commons-dbcp-1.3.jar;d:\tools\maven\repository\commons-pool\commons-pool\1.5.4\commons-pool-1.5.4.jar;d:\tools\maven\repository\commons-logging\commons-logging\1.1.3\commons-logging-1.1.3.jar;d:\tools\maven\repository\javassist\javassist\3.12.1.GA\javassist-3.12.1.GA.jar;d:\tools\maven\repository\jstl\jstl\1.2\jstl-1.2.jar;d:\tools\maven\repository\junit\junit\4.12\junit-4.12.jar;d:\tools\maven\repository\org\hamcrest\hamcrest-core\1.3\hamcrest-core-1.3.jar;d:\tools\maven\repository\log4j\log4j\1.2.17\log4j-1.2.17.jar;d:\tools\maven\repository\org\slf4j\slf4j-api\1.8.0-alpha0\slf4j-api-1.8.0-alpha0.jar;d:\tools\maven\repository\org\slf4j\slf4j-log4j12\1.8.0-alpha0\slf4j-log4j12-1.8.0-alpha0.jar;d:\tools\maven\repository\org\springframework\spring-aop\5.1.0.RELEASE\spring-aop-5.1.0.RELEASE.jar;d:\tools\maven\repository\org\springframework\spring-aspects\5.1.0.RELEASE\spring-aspects-5.1.0.RELEASE.jar;d:\tools\maven\repository\org\aspectj\aspectjweaver\1.9.1\aspectjweaver-1.9.1.jar;d:\tools\maven\repository\org\springframework\spring-beans\5.1.0.RELEASE\spring-beans-5.1.0.RELEASE.jar;d:\tools\maven\repository\org\springframework\spring-context\5.1.0.RELEASE\spring-context-5.1.0.RELEASE.jar;d:\tools\maven\repository\org\springframework\spring-context-support\5.1.0.RELEASE\spring-context-support-5.1.0.RELEASE.jar;d:\tools\maven\repository\org\springframework\spring-core\5.1.0.RELEASE\spring-core-5.1.0.RELEASE.jar;d:\tools\maven\repository\org\springframework\spring-jcl\5.1.0.RELEASE\spring-jcl-5.1.0.RELEASE.jar;d:\tools\maven\repository\org\springframework\spring-expression\5.1.0.RELEASE\spring-expression-5.1.0.RELEASE.jar;d:\tools\maven\repository\org\springframework\spring-jdbc\5.1.0.RELEASE\spring-jdbc-5.1.0.RELEASE.jar;d:\tools\maven\repository\org\springframework\spring-jms\5.1.0.RELEASE\spring-jms-5.1.0.RELEASE.jar;d:\tools\maven\repository\org\springframework\spring-messaging\5.1.0.RELEASE\spring-messaging-5.1.0.RELEASE.jar;d:\tools\maven\repository\org\springframework\spring-tx\5.1.0.RELEASE\spring-tx-5.1.0.RELEASE.jar;d:\tools\maven\repository\org\springframework\spring-web\5.1.0.RELEASE\spring-web-5.1.0.RELEASE.jar;d:\tools\maven\repository\org\springframework\spring-webmvc\5.1.0.RELEASE\spring-webmvc-5.1.0.RELEASE.jar;"/>
    <property name="sun.cpu.endian" value="little"/>
    <property name="user.home" value="C:\Users\Jack Ren"/>
    <property name="user.language" value="zh"/>
    <property name="java.specification.vendor" value="Oracle Corporation"/>
    <property name="java.home" value="D:\software\java\jdk1.8.0_201\jre"/>
    <property name="basedir" value="C:\Users\Jack Ren\Downloads\spring_Mybits_CRUD"/>
    <property name="file.separator" value="\"/>
    <property name="line.separator" value="&#10;"/>
    <property name="java.vm.specification.vendor" value="Oracle Corporation"/>
    <property name="java.specification.name" value="Java Platform API Specification"/>
    <property name="java.awt.graphicsenv" value="sun.awt.Win32GraphicsEnvironment"/>
    <property name="surefire.real.class.path" value="C:\Users\JACKRE~1\AppData\Local\Temp\surefire2048827045736242132\surefirebooter8363033940351292222.jar"/>
    <property name="sun.boot.class.path" value="D:\software\java\jdk1.8.0_201\jre\lib\resources.jar;D:\software\java\jdk1.8.0_201\jre\lib\rt.jar;D:\software\java\jdk1.8.0_201\jre\lib\sunrsasign.jar;D:\software\java\jdk1.8.0_201\jre\lib\jsse.jar;D:\software\java\jdk1.8.0_201\jre\lib\jce.jar;D:\software\java\jdk1.8.0_201\jre\lib\charsets.jar;D:\software\java\jdk1.8.0_201\jre\lib\jfr.jar;D:\software\java\jdk1.8.0_201\jre\classes"/>
    <property name="user.script" value=""/>
    <property name="sun.management.compiler" value="HotSpot 64-Bit Tiered Compilers"/>
    <property name="java.runtime.version" value="1.8.0_201-b09"/>
    <property name="user.name" value="Jack Ren"/>
    <property name="path.separator" value=";"/>
    <property name="os.version" value="10.0"/>
    <property name="java.endorsed.dirs" value="D:\software\java\jdk1.8.0_201\jre\lib\endorsed"/>
    <property name="java.runtime.name" value="Java(TM) SE Runtime Environment"/>
    <property name="file.encoding" value="GBK"/>
    <property name="java.vm.name" value="Java HotSpot(TM) 64-Bit Server VM"/>
    <property name="localRepository" value="d:\tools\maven\repository"/>
    <property name="java.vendor.url.bug" value="http://bugreport.sun.com/bugreport/"/>
    <property name="java.io.tmpdir" value="C:\Users\JACKRE~1\AppData\Local\Temp\"/>
    <property name="idea.version" value="2018.3.4"/>
    <property name="java.version" value="1.8.0_201"/>
    <property name="user.dir" value="C:\Users\Jack Ren\Downloads\spring_Mybits_CRUD"/>
    <property name="os.arch" value="amd64"/>
    <property name="java.vm.specification.name" value="Java Virtual Machine Specification"/>
    <property name="java.awt.printerjob" value="sun.awt.windows.WPrinterJob"/>
    <property name="sun.os.patch.level" value=""/>
    <property name="java.library.path" value="D:\software\java\jdk1.8.0_201\jre\bin;C:\Windows\Sun\Java\bin;C:\Windows\system32;C:\Windows;D:\software\xftp6\;D:\software\xshell6\;D:\software\java\jdk1.8.0_201\bin;D:\software\gradle-5.3\bin;C:\Program Files (x86)\Intel\Intel(R) Management Engine Components\iCLS\;C:\Program Files\Intel\Intel(R) Management Engine Components\iCLS\;C:\Windows\system32;C:\Windows;C:\Windows\System32\Wbem;C:\Windows\System32\WindowsPowerShell\v1.0\;C:\Windows\System32\OpenSSH\;C:\Program Files (x86)\NVIDIA Corporation\PhysX\Common;C:\Program Files\Intel\WiFi\bin\;C:\Program Files\Common Files\Intel\WirelessCommon\;C:\Program Files (x86)\Intel\Intel(R) Management Engine Components\DAL;C:\Program Files\Intel\Intel(R) Management Engine Components\DAL;C:\Program Files (x86)\Intel\Intel(R) Management Engine Components\IPT;C:\Program Files\Intel\Intel(R) Management Engine Components\IPT;D:\software\apache-maven-3.6.0\bin;D:\software\Git\cmd;C:\Users\Jack Ren\AppData\Local\Microsoft\WindowsApps;;."/>
    <property name="java.vm.info" value="mixed mode"/>
    <property name="java.vendor" value="Oracle Corporation"/>
    <property name="java.vm.version" value="25.201-b09"/>
    <property name="java.ext.dirs" value="D:\software\java\jdk1.8.0_201\jre\lib\ext;C:\Windows\Sun\Java\lib\ext"/>
    <property name="sun.io.unicode.encoding" value="UnicodeLittle"/>
    <property name="java.class.version" value="52.0"/>
  </properties>
  <testcase name="TestUpdateStduent" classname="com.jnshu.StudentTest" time="0.225"/>
  <testcase name="TestdeleteStduentById" classname="com.jnshu.StudentTest" time="0.011"/>
  <testcase name="testFindAll" classname="com.jnshu.StudentTest" time="0.032"/>
  <testcase name="TestfindById" classname="com.jnshu.StudentTest" time="0.005"/>
  <testcase name="TestaddStduent" classname="com.jnshu.StudentTest" time="0.008"/>
</testsuite>